WARNING: cannot verify hidezerocards.org's certificate, issued by ‘CN=Amazon RSA 2048 M04,O=Amazon,C=US’:
  Issued certificate not yet valid.
2025-08-07 19:27:07 URL:https://hidezerocards.org/ [12074/12074] -> "hidezerocards.org/index.html.tmp.tmp" [1]
2025-08-07 19:27:07 URL: https://hidezerocards.org/_next/static/media/569ce4b8f30dc480-s.p.woff2 200 OK
unlink: No such file or directory
2025-08-07 19:27:08 URL: https://hidezerocards.org/_next/static/media/93f479601ee12b01-s.p.woff2 200 OK
unlink: No such file or directory
2025-08-07 19:27:08 URL:https://hidezerocards.org/_next/static/css/792eb583db4d7260.css [47730/47730] -> "hidezerocards.org/_next/static/css/792eb583db4d7260.css.tmp.tmp" [1]
2025-08-07 19:27:08 URL: https://hidezerocards.org/_next/static/chunks/webpack-6b167b2e9655ed7c.js 200 OK
unlink: No such file or directory
2025-08-07 19:27:08 URL: https://hidezerocards.org/_next/static/chunks/4bd1b696-cf72ae8a39fa05aa.js 200 OK
unlink: No such file or directory
2025-08-07 19:27:08 URL: https://hidezerocards.org/_next/static/chunks/964-02efbd2195ef91bd.js 200 OK
unlink: No such file or directory
2025-08-07 19:27:09 URL: https://hidezerocards.org/_next/static/chunks/main-app-3352962f11c2acd8.js 200 OK
unlink: No such file or directory
2025-08-07 19:27:09 URL: https://hidezerocards.org/_next/static/chunks/365-ab166507194a66b7.js 200 OK
unlink: No such file or directory
2025-08-07 19:27:09 URL: https://hidezerocards.org/_next/static/chunks/647-12e82517efaa7edc.js 200 OK
unlink: No such file or directory
2025-08-07 19:27:09 URL: https://hidezerocards.org/_next/static/chunks/app/layout-86d400402493220c.js 200 OK
unlink: No such file or directory
2025-08-07 19:27:09 URL: https://hidezerocards.org/_next/static/chunks/app/page-f96c138191e0d6a9.js 200 OK
unlink: No such file or directory
2025-08-07 19:27:09 URL: https://hidezerocards.org/favicon.ico 200 OK
unlink: No such file or directory
2025-08-07 19:27:10 URL: https://hidezerocards.org/_next/static/chunks/polyfills-42372ed130431b0a.js 200 OK
unlink: No such file or directory
2025-08-07 19:27:10 URL: https://hidezerocards.org/_next/static/media/8d697b304b401681-s.woff2 200 OK
unlink: No such file or directory
2025-08-07 19:27:10 URL: https://hidezerocards.org/_next/static/media/ba015fad6dcf6784-s.woff2 200 OK
unlink: No such file or directory
2025-08-07 19:27:10 URL: https://hidezerocards.org/_next/static/media/9610d9e46709d722-s.woff2 200 OK
unlink: No such file or directory
2025-08-07 19:27:10 URL: https://hidezerocards.org/_next/static/media/747892c23ea88013-s.woff2 200 OK
unlink: No such file or directory
Found no broken links.

FINISHED --2025-08-07 19:27:10--
Total wall clock time: 5.4s
Downloaded: 2 files, 58K in 0.004s (14.4 MB/s)
